2024-11-19 23:40:31,195 [INFO] Activator:176 - 


2024-11-19 23:40:31,204 [INFO] Activator:177 - !SESSION log4j initialized
2024-11-19 23:40:40,648 [INFO] LogOutputStream:77 - [STDOUT_REDIRECT] 
2024-11-19 23:40:48,670 [INFO] ApplicationProperties:184 - Using Application install path: C:\ST\STM32CubeIDE_1.16.1\STM32CubeIDE\plugins\com.st.stm32cube.common.mx_6.12.1.202409122256
2024-11-19 23:40:48,696 [INFO] DbMcusXml:78 - Set database path to: C:\ST\STM32CubeIDE_1.16.1\STM32CubeIDE\plugins\com.st.stm32cube.common.mx_6.12.1.202409122256\\db\/mcu/
2024-11-19 23:40:48,697 [INFO] ApiDb:274 - Set plugin database path to: C:\ST\STM32CubeIDE_1.16.1\STM32CubeIDE\plugins\com.st.stm32cube.common.mx_6.12.1.202409122256\\db\/plugins/boardmanager/
2024-11-19 23:40:48,697 [WARN] ApiDb:259 - Overriding images path with different value:  => C:\ST\STM32CubeIDE_1.16.1\STM32CubeIDE\plugins\com.st.stm32cube.common.mx_6.12.1.202409122256\\db\/plugins/mcufinder/images/
2024-11-19 23:40:48,714 [INFO] ApiDb:250 - Set database path to: C:\Users\Asus\.stmcufinder\plugins\mcufinder//mcu/
2024-11-19 23:40:48,715 [INFO] DbMcusAds:125 - Set database path to: C:\Users\Asus\.stmcufinder\plugins\mcufinder//mcu/
2024-11-19 23:40:48,721 [INFO] CrossReferenceDbSqlite:203 - Set database path to: C:\Users\Asus\.stmcufinder\plugins\mcufinder//mcu/cs/
2024-11-19 23:40:48,854 [INFO] RulesReader:64 - Compatibility file has been processed (297 Rules)
2024-11-19 23:40:48,977 [INFO] DbMcusXml:78 - Set database path to: C:\ST\STM32CubeIDE_1.16.1\STM32CubeIDE\plugins\com.st.stm32cube.common.mx_6.12.1.202409122256\\db\/mcu/
2024-11-19 23:40:48,977 [INFO] ApiDb:274 - Set plugin database path to: C:\ST\STM32CubeIDE_1.16.1\STM32CubeIDE\plugins\com.st.stm32cube.common.mx_6.12.1.202409122256\\db\/plugins/boardmanager/
2024-11-19 23:40:48,977 [INFO] ApiDb:261 - Set plugin images path to: C:\ST\STM32CubeIDE_1.16.1\STM32CubeIDE\plugins\com.st.stm32cube.common.mx_6.12.1.202409122256\\db\/plugins/mcufinder/images/
2024-11-19 23:40:48,978 [WARN] DbFile:41 - Overriding database path with different value: C:\Users\Asus\.stmcufinder\plugins\mcufinder/ => C:\Users\Asus\.stmcufinder\plugins\mcufinder
2024-11-19 23:40:48,978 [INFO] ApiDb:250 - Set database path to: C:\Users\Asus\.stmcufinder\plugins\mcufinder//mcu/
2024-11-19 23:40:48,978 [WARN] DbFile:41 - Overriding database path with different value: C:\Users\Asus\.stmcufinder\plugins\mcufinder/ => C:\Users\Asus\.stmcufinder\plugins\mcufinder
2024-11-19 23:40:48,978 [INFO] DbMcusAds:125 - Set database path to: C:\Users\Asus\.stmcufinder\plugins\mcufinder//mcu/
2024-11-19 23:40:48,978 [WARN] DbFile:41 - Overriding database path with different value: C:\Users\Asus\.stmcufinder\plugins\mcufinder/ => C:\Users\Asus\.stmcufinder\plugins\mcufinder
2024-11-19 23:40:48,978 [WARN] DbFile:41 - Overriding database path with different value: C:\Users\Asus\.stmcufinder\plugins\mcufinder/ => C:\Users\Asus\.stmcufinder\plugins\mcufinder
2024-11-19 23:40:48,978 [INFO] CrossReferenceDbSqlite:203 - Set database path to: C:\Users\Asus\.stmcufinder\plugins\mcufinder//mcu/cs/
2024-11-19 23:40:49,089 [INFO] MainPanel:268 - HeapMemory: 268435456
2024-11-19 23:40:49,302 [INFO] DbMcusXml:78 - Set database path to: C:\ST\STM32CubeIDE_1.16.1\STM32CubeIDE\plugins\com.st.stm32cube.common.mx_6.12.1.202409122256\\db\/mcu/
2024-11-19 23:40:49,302 [INFO] ApiDb:274 - Set plugin database path to: C:\ST\STM32CubeIDE_1.16.1\STM32CubeIDE\plugins\com.st.stm32cube.common.mx_6.12.1.202409122256\\db\/plugins/boardmanager/
2024-11-19 23:40:49,302 [INFO] ApiDb:261 - Set plugin images path to: C:\ST\STM32CubeIDE_1.16.1\STM32CubeIDE\plugins\com.st.stm32cube.common.mx_6.12.1.202409122256\\db\/plugins/mcufinder/images/
2024-11-19 23:40:49,303 [WARN] DbFile:41 - Overriding database path with different value: C:\Users\Asus\.stmcufinder\plugins\mcufinder/ => C:\Users\Asus\.stmcufinder\plugins\mcufinder
2024-11-19 23:40:49,303 [INFO] ApiDb:250 - Set database path to: C:\Users\Asus\.stmcufinder\plugins\mcufinder//mcu/
2024-11-19 23:40:49,303 [WARN] DbFile:41 - Overriding database path with different value: C:\Users\Asus\.stmcufinder\plugins\mcufinder/ => C:\Users\Asus\.stmcufinder\plugins\mcufinder
2024-11-19 23:40:49,303 [INFO] DbMcusAds:125 - Set database path to: C:\Users\Asus\.stmcufinder\plugins\mcufinder//mcu/
2024-11-19 23:40:49,303 [WARN] DbFile:41 - Overriding database path with different value: C:\Users\Asus\.stmcufinder\plugins\mcufinder/ => C:\Users\Asus\.stmcufinder\plugins\mcufinder
2024-11-19 23:40:49,303 [WARN] DbFile:41 - Overriding database path with different value: C:\Users\Asus\.stmcufinder\plugins\mcufinder/ => C:\Users\Asus\.stmcufinder\plugins\mcufinder
2024-11-19 23:40:49,303 [INFO] CrossReferenceDbSqlite:203 - Set database path to: C:\Users\Asus\.stmcufinder\plugins\mcufinder//mcu/cs/
2024-11-19 23:40:49,330 [INFO] ApplicationProperties:184 - Using Application install path: C:\ST\STM32CubeIDE_1.16.1\STM32CubeIDE\plugins\com.st.stm32cube.common.mx_6.12.1.202409122256
2024-11-19 23:40:49,333 [INFO] PluginManage:196 - Search for loadable plugins [exclusion list=, ]
2024-11-19 23:40:49,334 [INFO] PluginManage:310 - Check plugin analytics
2024-11-19 23:40:49,528 [INFO] AnalyticsPlugin:253 - Accepted Software Licenses: STM32CubeMX.6.12.0
2024-11-19 23:40:49,528 [INFO] AnalyticsPlugin:255 - Accepted CMSIS Pack Licenses: 
2024-11-19 23:40:49,528 [INFO] AnalyticsPlugin:257 - Accepted Firmware Licenses: FW.F4.1.27.0,FW.F4.1.28.0
2024-11-19 23:40:49,532 [INFO] PluginManage:359 - Loaded plugin analytics (category:tool,tabindex:-1)
2024-11-19 23:40:49,532 [INFO] PluginManage:310 - Check plugin cadmodel
2024-11-19 23:40:49,554 [INFO] CADModel:105 - Init CAD model plugin
2024-11-19 23:40:49,554 [INFO] PluginManage:359 - Loaded plugin cadmodel (category:power,tabindex:5)
2024-11-19 23:40:49,554 [INFO] PluginManage:310 - Check plugin clock
2024-11-19 23:40:49,584 [INFO] PluginManage:359 - Loaded plugin clock (category:base,tabindex:2)
2024-11-19 23:40:49,585 [INFO] PluginManage:310 - Check plugin ddr
2024-11-19 23:40:49,590 [INFO] PluginManage:359 - Loaded plugin ddr (category:tool,tabindex:6)
2024-11-19 23:40:49,590 [INFO] PluginManage:310 - Check plugin filemanager
2024-11-19 23:40:49,808 [INFO] PluginManage:359 - Loaded plugin filemanager (category:base,tabindex:10)
2024-11-19 23:40:49,809 [INFO] PluginManage:310 - Check plugin ipmanager
2024-11-19 23:40:49,820 [INFO] PluginManage:359 - Loaded plugin ipmanager (category:base,tabindex:5)
2024-11-19 23:40:49,821 [INFO] PluginManage:310 - Check plugin lpbam
2024-11-19 23:40:49,857 [INFO] PluginManage:359 - Loaded plugin lpbam (category:base,tabindex:0)
2024-11-19 23:40:49,858 [INFO] PluginManage:310 - Check plugin memorymap
2024-11-19 23:40:49,908 [INFO] PluginManage:359 - Loaded plugin memorymap (category:base,tabindex:4)
2024-11-19 23:40:49,908 [INFO] PluginManage:310 - Check plugin pinoutandconfiguration
2024-11-19 23:40:49,943 [INFO] PluginManage:359 - Loaded plugin pinoutandconfiguration (category:base,tabindex:1)
2024-11-19 23:40:49,943 [INFO] PluginManage:310 - Check plugin pinoutconfig
2024-11-19 23:40:50,110 [WARN] SupportedApi:132 - Cannot load RTOS API schema: s4s-elt-must-match.1: The content of 'definitions' must match (annotation?, (simpleType | complexType)?, (unique | key | keyref)*)). A problem was found starting at: attribute.
2024-11-19 23:40:50,309 [INFO] PluginManage:359 - Loaded plugin pinoutconfig (category:base,tabindex:0)
2024-11-19 23:40:50,309 [INFO] PluginManage:310 - Check plugin power
2024-11-19 23:40:50,330 [INFO] PluginManage:359 - Loaded plugin power (category:power,tabindex:4)
2024-11-19 23:40:50,330 [INFO] PluginManage:310 - Check plugin projectmanager
2024-11-19 23:40:50,364 [INFO] PluginManage:359 - Loaded plugin projectmanager (category:projectmanager,tabindex:4)
2024-11-19 23:40:50,365 [INFO] PluginManage:310 - Check plugin rif
2024-11-19 23:40:50,399 [INFO] PluginManage:359 - Loaded plugin rif (category:base,tabindex:3)
2024-11-19 23:40:50,400 [INFO] PluginManage:310 - Check plugin thirdparty
2024-11-19 23:40:50,834 [INFO] PluginManage:359 - Loaded plugin thirdparty (category:base,tabindex:-1)
2024-11-19 23:40:50,834 [WARN] IntegrityCheckThread:84 - waiting for thirdparty lock release [integrity check]
2024-11-19 23:40:50,834 [INFO] PluginManage:310 - Check plugin tools
2024-11-19 23:40:50,834 [INFO] IntegrityCheckThread:86 - entering critical section [integrity check]
2024-11-19 23:40:50,835 [INFO] ThirdPartyUpdaterWithRetryManager:70 - Updater plugin not ready yet. [1/15]
2024-11-19 23:40:50,885 [INFO] PluginManage:359 - Loaded plugin tools (category:base,tabindex:7)
2024-11-19 23:40:50,885 [INFO] PluginManage:310 - Check plugin tutovideos
2024-11-19 23:40:51,142 [INFO] PluginManage:359 - Loaded plugin tutovideos (category:base,tabindex:-1)
2024-11-19 23:40:51,143 [INFO] PluginManage:310 - Check plugin updater
2024-11-19 23:40:51,156 [INFO] PluginManage:359 - Loaded plugin updater (category:base,tabindex:12)
2024-11-19 23:40:51,157 [INFO] PluginManage:310 - Check plugin userauth
2024-11-19 23:40:51,162 [INFO] UserAuth:113 - Init User Auth plugin
2024-11-19 23:40:51,162 [INFO] PluginManage:359 - Loaded plugin userauth (category:base,tabindex:14)
2024-11-19 23:40:51,162 [INFO] PluginManage:283 - PluginManage : Loaded plugins [18]
2024-11-19 23:40:51,362 [INFO] PinOutPanel:1561 - setPackage(No Configuration,No Configuration)
2024-11-19 23:40:51,464 [INFO] CADModel:165 - CPN selected for project level
2024-11-19 23:40:51,464 [INFO] CADModel:114 - Register for checkConnection events
2024-11-19 23:40:51,487 [INFO] IPUIPlugin:80 - create IPUIPlugin
2024-11-19 23:40:51,487 [INFO] PluginManager:220 - loadIPPluginJar : add adc
2024-11-19 23:40:51,518 [INFO] IPUIPlugin:80 - create IPUIPlugin
2024-11-19 23:40:51,518 [INFO] PluginManager:220 - loadIPPluginJar : add aes
2024-11-19 23:40:51,553 [INFO] IPUIPlugin:80 - create IPUIPlugin
2024-11-19 23:40:51,553 [INFO] PluginManager:220 - loadIPPluginJar : add can
2024-11-19 23:40:51,582 [INFO] IPUIPlugin:80 - create IPUIPlugin
2024-11-19 23:40:51,582 [INFO] PluginManager:220 - loadIPPluginJar : add comp
2024-11-19 23:40:51,614 [INFO] IPUIPlugin:80 - create IPUIPlugin
2024-11-19 23:40:51,614 [INFO] PluginManager:220 - loadIPPluginJar : add cryp
2024-11-19 23:40:51,627 [INFO] IPUIPlugin:80 - create IPUIPlugin
2024-11-19 23:40:51,627 [INFO] PluginManager:220 - loadIPPluginJar : add ddr_ctrl_phy
2024-11-19 23:40:51,663 [INFO] IPUIPlugin:80 - create IPUIPlugin
2024-11-19 23:40:51,663 [INFO] PluginManager:220 - loadIPPluginJar : add dfsdm
2024-11-19 23:40:51,680 [INFO] IPUIPlugin:80 - create IPUIPlugin
2024-11-19 23:40:51,681 [INFO] PluginManager:220 - loadIPPluginJar : add dma
2024-11-19 23:40:51,722 [INFO] IPUIPlugin:80 - create IPUIPlugin
2024-11-19 23:40:51,722 [INFO] PluginManager:220 - loadIPPluginJar : add dma3
2024-11-19 23:40:51,761 [INFO] IPUIPlugin:80 - create IPUIPlugin
2024-11-19 23:40:51,761 [INFO] PluginManager:220 - loadIPPluginJar : add extmemmanager
2024-11-19 23:40:51,779 [INFO] IPUIPlugin:80 - create IPUIPlugin
2024-11-19 23:40:51,779 [INFO] PluginManager:220 - loadIPPluginJar : add fatfs
2024-11-19 23:40:51,820 [INFO] IPUIPlugin:80 - create IPUIPlugin
2024-11-19 23:40:51,820 [INFO] PluginManager:220 - loadIPPluginJar : add fmc
2024-11-19 23:40:51,835 [INFO] IPUIPlugin:80 - create IPUIPlugin
2024-11-19 23:40:51,835 [INFO] PluginManager:220 - loadIPPluginJar : add freertos
2024-11-19 23:40:51,854 [INFO] IPUIPlugin:80 - create IPUIPlugin
2024-11-19 23:40:51,854 [INFO] PluginManager:220 - loadIPPluginJar : add genericplugin
2024-11-19 23:40:51,973 [INFO] IPUIPlugin:80 - create IPUIPlugin
2024-11-19 23:40:51,973 [INFO] PluginManager:220 - loadIPPluginJar : add gfxmmu
2024-11-19 23:40:52,108 [INFO] IPUIPlugin:80 - create IPUIPlugin
2024-11-19 23:40:52,108 [INFO] PluginManager:220 - loadIPPluginJar : add gic
2024-11-19 23:40:52,122 [INFO] IPUIPlugin:80 - create IPUIPlugin
2024-11-19 23:40:52,122 [INFO] PluginManager:220 - loadIPPluginJar : add gpio
2024-11-19 23:40:52,207 [INFO] IPUIPlugin:80 - create IPUIPlugin
2024-11-19 23:40:52,207 [INFO] PluginManager:220 - loadIPPluginJar : add gtzc
2024-11-19 23:40:52,237 [INFO] IPUIPlugin:80 - create IPUIPlugin
2024-11-19 23:40:52,237 [INFO] PluginManager:220 - loadIPPluginJar : add hash
2024-11-19 23:40:52,280 [INFO] IPUIPlugin:80 - create IPUIPlugin
2024-11-19 23:40:52,280 [INFO] PluginManager:220 - loadIPPluginJar : add i2c
2024-11-19 23:40:52,320 [INFO] IPUIPlugin:80 - create IPUIPlugin
2024-11-19 23:40:52,321 [INFO] PluginManager:220 - loadIPPluginJar : add i2s
2024-11-19 23:40:52,356 [INFO] IPUIPlugin:80 - create IPUIPlugin
2024-11-19 23:40:52,356 [INFO] PluginManager:220 - loadIPPluginJar : add i3c
2024-11-19 23:40:52,441 [INFO] IPUIPlugin:80 - create IPUIPlugin
2024-11-19 23:40:52,441 [INFO] PluginManager:220 - loadIPPluginJar : add ipddr
2024-11-19 23:40:52,512 [INFO] IPUIPlugin:80 - create IPUIPlugin
2024-11-19 23:40:52,512 [INFO] PluginManager:220 - loadIPPluginJar : add linkedlist
2024-11-19 23:40:52,544 [INFO] IPUIPlugin:80 - create IPUIPlugin
2024-11-19 23:40:52,544 [INFO] PluginManager:220 - loadIPPluginJar : add lorawan
2024-11-19 23:40:52,593 [INFO] IPUIPlugin:80 - create IPUIPlugin
2024-11-19 23:40:52,593 [INFO] PluginManager:220 - loadIPPluginJar : add ltdc
2024-11-19 23:40:52,612 [INFO] IPUIPlugin:80 - create IPUIPlugin
2024-11-19 23:40:52,612 [INFO] PluginManager:220 - loadIPPluginJar : add mdma
2024-11-19 23:40:52,629 [INFO] IPUIPlugin:80 - create IPUIPlugin
2024-11-19 23:40:52,629 [INFO] PluginManager:220 - loadIPPluginJar : add nvic
2024-11-19 23:40:52,684 [INFO] IPUIPlugin:80 - create IPUIPlugin
2024-11-19 23:40:52,684 [INFO] PluginManager:220 - loadIPPluginJar : add opamp
2024-11-19 23:40:52,764 [INFO] IPUIPlugin:80 - create IPUIPlugin
2024-11-19 23:40:52,764 [INFO] PluginManager:220 - loadIPPluginJar : add openamp
2024-11-19 23:40:52,803 [INFO] IPUIPlugin:80 - create IPUIPlugin
2024-11-19 23:40:52,803 [INFO] PluginManager:220 - loadIPPluginJar : add pdm2pcm
2024-11-19 23:40:52,819 [INFO] IPUIPlugin:80 - create IPUIPlugin
2024-11-19 23:40:52,829 [INFO] PluginManager:220 - loadIPPluginJar : add plateformsettings
2024-11-19 23:40:52,857 [INFO] IPUIPlugin:80 - create IPUIPlugin
2024-11-19 23:40:52,857 [INFO] PluginManager:220 - loadIPPluginJar : add quadspi
2024-11-19 23:40:52,890 [INFO] IPUIPlugin:80 - create IPUIPlugin
2024-11-19 23:40:52,890 [INFO] PluginManager:220 - loadIPPluginJar : add radio
2024-11-19 23:40:52,904 [INFO] IPUIPlugin:80 - create IPUIPlugin
2024-11-19 23:40:52,904 [INFO] PluginManager:220 - loadIPPluginJar : add resmgrutility
2024-11-19 23:40:52,989 [INFO] IPUIPlugin:80 - create IPUIPlugin
2024-11-19 23:40:52,989 [INFO] PluginManager:220 - loadIPPluginJar : add sai
2024-11-19 23:40:53,046 [INFO] IPUIPlugin:80 - create IPUIPlugin
2024-11-19 23:40:53,046 [INFO] PluginManager:220 - loadIPPluginJar : add spi
2024-11-19 23:40:53,129 [INFO] IPUIPlugin:80 - create IPUIPlugin
2024-11-19 23:40:53,129 [INFO] PluginManager:220 - loadIPPluginJar : add stm32_wpan
2024-11-19 23:40:53,170 [INFO] IPUIPlugin:80 - create IPUIPlugin
2024-11-19 23:40:53,170 [INFO] PluginManager:220 - loadIPPluginJar : add tim
2024-11-19 23:40:53,260 [INFO] IPUIPlugin:80 - create IPUIPlugin
2024-11-19 23:40:53,260 [INFO] PluginManager:220 - loadIPPluginJar : add touchsensing
2024-11-19 23:40:53,295 [INFO] IPUIPlugin:80 - create IPUIPlugin
2024-11-19 23:40:53,295 [INFO] PluginManager:220 - loadIPPluginJar : add tracer_emb
2024-11-19 23:40:53,329 [INFO] IPUIPlugin:80 - create IPUIPlugin
2024-11-19 23:40:53,329 [INFO] PluginManager:220 - loadIPPluginJar : add ts
2024-11-19 23:40:53,369 [INFO] IPUIPlugin:80 - create IPUIPlugin
2024-11-19 23:40:53,369 [INFO] PluginManager:220 - loadIPPluginJar : add tsc
2024-11-19 23:40:53,399 [INFO] IPUIPlugin:80 - create IPUIPlugin
2024-11-19 23:40:53,399 [INFO] PluginManager:220 - loadIPPluginJar : add ucpd
2024-11-19 23:40:53,469 [INFO] IPUIPlugin:80 - create IPUIPlugin
2024-11-19 23:40:53,469 [INFO] PluginManager:220 - loadIPPluginJar : add usart
2024-11-19 23:40:53,528 [INFO] IPUIPlugin:80 - create IPUIPlugin
2024-11-19 23:40:53,528 [INFO] PluginManager:220 - loadIPPluginJar : add usbx
2024-11-19 23:40:53,663 [INFO] CADModel:165 - CPN selected for project level
2024-11-19 23:40:53,663 [INFO] CADModel:114 - Register for checkConnection events
2024-11-19 23:40:53,663 [FATAL] Updater:334 - Updater called before beeing initialized
2024-11-19 23:40:53,663 [ERROR] CADModel:125 - Updater not yet initialized, retry later 
2024-11-19 23:40:53,846 [INFO] ThirdPartyUpdaterWithRetryManager:70 - Updater plugin not ready yet. [2/15]
2024-11-19 23:40:53,929 [INFO] CADModel:165 - CPN selected for project level
2024-11-19 23:40:53,929 [INFO] CADModel:114 - Register for checkConnection events
2024-11-19 23:40:53,930 [FATAL] Updater:334 - Updater called before beeing initialized
2024-11-19 23:40:53,930 [ERROR] CADModel:125 - Updater not yet initialized, retry later 
2024-11-19 23:40:53,933 [FATAL] Updater:334 - Updater called before beeing initialized
2024-11-19 23:40:54,068 [FATAL] Updater:334 - Updater called before beeing initialized
2024-11-19 23:40:54,088 [INFO] DbMcusAds:53 - JSON generation date=Fri Sep 20 20:04:38 ICT 2024 (1726837478367)
2024-11-19 23:40:54,088 [FATAL] Updater:334 - Updater called before beeing initialized
2024-11-19 23:40:54,164 [WARN] DetailPanel:346 - Failed to get advertising image, set to default
2024-11-19 23:40:54,320 [FATAL] Updater:334 - Updater called before beeing initialized
2024-11-19 23:40:54,322 [FATAL] Updater:334 - Updater called before beeing initialized
2024-11-19 23:40:54,322 [FATAL] Updater:334 - Updater called before beeing initialized
2024-11-19 23:40:54,322 [WARN] DetailPanel:346 - Failed to get advertising image, set to default
2024-11-19 23:40:54,323 [FATAL] Updater:334 - Updater called before beeing initialized
2024-11-19 23:40:54,535 [ERROR] Updater:1164 - MainUpdater not yet initialized. External WinMGr cannot be set.
2024-11-19 23:40:54,550 [INFO] Updater:1100 - Updater Version found : 6.12.1
2024-11-19 23:40:54,580 [INFO] ApplicationProperties:184 - Using Application install path: C:\ST\STM32CubeIDE_1.16.1\STM32CubeIDE\plugins\com.st.stm32cube.common.mx_6.12.1.202409122256
2024-11-19 23:40:56,220 [ERROR] LogOutputStream:75 - [STDERR_REDIRECT] Nov 19, 2024 11:40:56 PM java.util.prefs.WindowsPreferences <init>
2024-11-19 23:40:56,234 [ERROR] LogOutputStream:75 - [STDERR_REDIRECT] WARNING: Could not open/create prefs root node Software\JavaSoft\Prefs at root 0xffffffff80000002. Windows RegCreateKeyEx(...) returned error code 5.
2024-11-19 23:40:56,234 [ERROR] LogOutputStream:75 - [STDERR_REDIRECT] 
2024-11-19 23:40:56,850 [FATAL] Updater:334 - Updater called before beeing initialized
2024-11-19 23:40:56,850 [ERROR] IntegrityCheckThread:130 - Cannot retrieve database content from updater: error 21
2024-11-19 23:40:56,851 [INFO] ThirdParty:978 - Integrity check success = false
2024-11-19 23:40:56,851 [INFO] IntegrityCheckThread:100 - exiting critical section [integrity check]
2024-11-19 23:40:56,851 [INFO] IntegrityCheckThread:103 - End integrity checks thread
2024-11-19 23:40:57,352 [INFO] MainUpdater:2873 - connection check result : 10
2024-11-19 23:40:57,352 [INFO] MainUpdater:290 - Updater Check For Update Now.
2024-11-19 23:40:57,352 [INFO] MicroXplorer:498 - Change Database Version : DB.6.0.121
2024-11-19 23:40:57,374 [INFO] McuFinderGlobals:63 - Set McuFinder mode to 2 (CubeIDE integrated)
2024-11-19 23:40:57,382 [INFO] UserAuth:417 - Internet connection configuration mode: 1
2024-11-19 23:40:57,437 [INFO] JxBrowserEngine:152 - Initiate JxBrowser Engine with user profile folder
2024-11-19 23:40:57,642 [INFO] CheckServerUpdateThread:120 - End of CheckServer Thread
2024-11-19 23:41:04,922 [INFO] WebApp:167 - Instantiating new browser for Auth
2024-11-19 23:41:06,502 [INFO] WebApp:448 - Apply proxy settings
2024-11-19 23:41:06,507 [INFO] WebApp:533 - Chromium requires no authentication
2024-11-19 23:41:06,664 [INFO] WebApp:476 - Direct internet connection detected
2024-11-19 23:41:06,719 [INFO] WebApp:869 - Register for checkConnection events
2024-11-19 23:41:06,719 [INFO] WebApp:448 - Apply proxy settings
2024-11-19 23:41:06,719 [INFO] WebApp:533 - Chromium requires no authentication
2024-11-19 23:41:06,722 [INFO] WebApp:476 - Direct internet connection detected
2024-11-19 23:41:07,207 [INFO] WebApp:186 - Connection restablished
2024-11-19 23:41:07,392 [INFO] WebApp:220 - Starting web application
2024-11-19 23:41:07,402 [INFO] WebApp:578 - Web application path used C:\ST\STM32CubeIDE_1.16.1\STM32CubeIDE\plugins\com.st.stm32cube.common.mx_6.12.1.202409122256\db\plugins\mcufinder\reactClient1\index.html
2024-11-19 23:41:07,729 [INFO] UserAuth:417 - Internet connection configuration mode: 1
