2024-10-26 23:42:22,092 [INFO] Activator:176 - 


2024-10-26 23:42:22,098 [INFO] Activator:177 - !SESSION log4j initialized
2024-10-26 23:42:28,690 [INFO] LogOutputStream:77 - [STDOUT_REDIRECT] 
2024-10-26 23:42:33,097 [INFO] ApplicationProperties:184 - Using Application install path: C:\ST\STM32CubeIDE_1.16.1\STM32CubeIDE\plugins\com.st.stm32cube.common.mx_6.12.1.202409122256
2024-10-26 23:42:33,113 [INFO] DbMcusXml:78 - Set database path to: C:\ST\STM32CubeIDE_1.16.1\STM32CubeIDE\plugins\com.st.stm32cube.common.mx_6.12.1.202409122256\\db\/mcu/
2024-10-26 23:42:33,113 [INFO] ApiDb:274 - Set plugin database path to: C:\ST\STM32CubeIDE_1.16.1\STM32CubeIDE\plugins\com.st.stm32cube.common.mx_6.12.1.202409122256\\db\/plugins/boardmanager/
2024-10-26 23:42:33,114 [WARN] ApiDb:259 - Overriding images path with different value:  => C:\ST\STM32CubeIDE_1.16.1\STM32CubeIDE\plugins\com.st.stm32cube.common.mx_6.12.1.202409122256\\db\/plugins/mcufinder/images/
2024-10-26 23:42:33,126 [INFO] ApiDb:250 - Set database path to: C:\Users\Asus\.stmcufinder\plugins\mcufinder//mcu/
2024-10-26 23:42:33,127 [INFO] DbMcusAds:125 - Set database path to: C:\Users\Asus\.stmcufinder\plugins\mcufinder//mcu/
2024-10-26 23:42:33,131 [INFO] CrossReferenceDbSqlite:203 - Set database path to: C:\Users\Asus\.stmcufinder\plugins\mcufinder//mcu/cs/
2024-10-26 23:42:33,220 [INFO] RulesReader:64 - Compatibility file has been processed (297 Rules)
2024-10-26 23:42:33,290 [INFO] DbMcusXml:78 - Set database path to: C:\ST\STM32CubeIDE_1.16.1\STM32CubeIDE\plugins\com.st.stm32cube.common.mx_6.12.1.202409122256\\db\/mcu/
2024-10-26 23:42:33,290 [INFO] ApiDb:274 - Set plugin database path to: C:\ST\STM32CubeIDE_1.16.1\STM32CubeIDE\plugins\com.st.stm32cube.common.mx_6.12.1.202409122256\\db\/plugins/boardmanager/
2024-10-26 23:42:33,290 [INFO] ApiDb:261 - Set plugin images path to: C:\ST\STM32CubeIDE_1.16.1\STM32CubeIDE\plugins\com.st.stm32cube.common.mx_6.12.1.202409122256\\db\/plugins/mcufinder/images/
2024-10-26 23:42:33,290 [WARN] DbFile:41 - Overriding database path with different value: C:\Users\Asus\.stmcufinder\plugins\mcufinder/ => C:\Users\Asus\.stmcufinder\plugins\mcufinder
2024-10-26 23:42:33,290 [INFO] ApiDb:250 - Set database path to: C:\Users\Asus\.stmcufinder\plugins\mcufinder//mcu/
2024-10-26 23:42:33,290 [WARN] DbFile:41 - Overriding database path with different value: C:\Users\Asus\.stmcufinder\plugins\mcufinder/ => C:\Users\Asus\.stmcufinder\plugins\mcufinder
2024-10-26 23:42:33,290 [INFO] DbMcusAds:125 - Set database path to: C:\Users\Asus\.stmcufinder\plugins\mcufinder//mcu/
2024-10-26 23:42:33,290 [WARN] DbFile:41 - Overriding database path with different value: C:\Users\Asus\.stmcufinder\plugins\mcufinder/ => C:\Users\Asus\.stmcufinder\plugins\mcufinder
2024-10-26 23:42:33,291 [WARN] DbFile:41 - Overriding database path with different value: C:\Users\Asus\.stmcufinder\plugins\mcufinder/ => C:\Users\Asus\.stmcufinder\plugins\mcufinder
2024-10-26 23:42:33,291 [INFO] CrossReferenceDbSqlite:203 - Set database path to: C:\Users\Asus\.stmcufinder\plugins\mcufinder//mcu/cs/
2024-10-26 23:42:33,362 [INFO] MainPanel:268 - HeapMemory: 268435456
2024-10-26 23:42:33,472 [INFO] DbMcusXml:78 - Set database path to: C:\ST\STM32CubeIDE_1.16.1\STM32CubeIDE\plugins\com.st.stm32cube.common.mx_6.12.1.202409122256\\db\/mcu/
2024-10-26 23:42:33,472 [INFO] ApiDb:274 - Set plugin database path to: C:\ST\STM32CubeIDE_1.16.1\STM32CubeIDE\plugins\com.st.stm32cube.common.mx_6.12.1.202409122256\\db\/plugins/boardmanager/
2024-10-26 23:42:33,472 [INFO] ApiDb:261 - Set plugin images path to: C:\ST\STM32CubeIDE_1.16.1\STM32CubeIDE\plugins\com.st.stm32cube.common.mx_6.12.1.202409122256\\db\/plugins/mcufinder/images/
2024-10-26 23:42:33,473 [WARN] DbFile:41 - Overriding database path with different value: C:\Users\Asus\.stmcufinder\plugins\mcufinder/ => C:\Users\Asus\.stmcufinder\plugins\mcufinder
2024-10-26 23:42:33,473 [INFO] ApiDb:250 - Set database path to: C:\Users\Asus\.stmcufinder\plugins\mcufinder//mcu/
2024-10-26 23:42:33,473 [WARN] DbFile:41 - Overriding database path with different value: C:\Users\Asus\.stmcufinder\plugins\mcufinder/ => C:\Users\Asus\.stmcufinder\plugins\mcufinder
2024-10-26 23:42:33,473 [INFO] DbMcusAds:125 - Set database path to: C:\Users\Asus\.stmcufinder\plugins\mcufinder//mcu/
2024-10-26 23:42:33,473 [WARN] DbFile:41 - Overriding database path with different value: C:\Users\Asus\.stmcufinder\plugins\mcufinder/ => C:\Users\Asus\.stmcufinder\plugins\mcufinder
2024-10-26 23:42:33,473 [WARN] DbFile:41 - Overriding database path with different value: C:\Users\Asus\.stmcufinder\plugins\mcufinder/ => C:\Users\Asus\.stmcufinder\plugins\mcufinder
2024-10-26 23:42:33,473 [INFO] CrossReferenceDbSqlite:203 - Set database path to: C:\Users\Asus\.stmcufinder\plugins\mcufinder//mcu/cs/
2024-10-26 23:42:33,491 [INFO] ApplicationProperties:184 - Using Application install path: C:\ST\STM32CubeIDE_1.16.1\STM32CubeIDE\plugins\com.st.stm32cube.common.mx_6.12.1.202409122256
2024-10-26 23:42:33,492 [INFO] PluginManage:196 - Search for loadable plugins [exclusion list=, ]
2024-10-26 23:42:33,494 [INFO] PluginManage:310 - Check plugin analytics
2024-10-26 23:42:33,614 [INFO] AnalyticsPlugin:253 - Accepted Software Licenses: STM32CubeMX.6.12.0
2024-10-26 23:42:33,614 [INFO] AnalyticsPlugin:255 - Accepted CMSIS Pack Licenses: 
2024-10-26 23:42:33,614 [INFO] AnalyticsPlugin:257 - Accepted Firmware Licenses: FW.F4.1.27.0,FW.F4.1.28.0
2024-10-26 23:42:33,615 [INFO] PluginManage:359 - Loaded plugin analytics (category:tool,tabindex:-1)
2024-10-26 23:42:33,615 [INFO] PluginManage:310 - Check plugin cadmodel
2024-10-26 23:42:33,628 [INFO] CADModel:105 - Init CAD model plugin
2024-10-26 23:42:33,628 [INFO] PluginManage:359 - Loaded plugin cadmodel (category:power,tabindex:5)
2024-10-26 23:42:33,628 [INFO] PluginManage:310 - Check plugin clock
2024-10-26 23:42:33,643 [INFO] PluginManage:359 - Loaded plugin clock (category:base,tabindex:2)
2024-10-26 23:42:33,643 [INFO] PluginManage:310 - Check plugin ddr
2024-10-26 23:42:33,644 [INFO] PluginManage:359 - Loaded plugin ddr (category:tool,tabindex:6)
2024-10-26 23:42:33,646 [INFO] PluginManage:310 - Check plugin filemanager
2024-10-26 23:42:33,763 [INFO] PluginManage:359 - Loaded plugin filemanager (category:base,tabindex:10)
2024-10-26 23:42:33,763 [INFO] PluginManage:310 - Check plugin ipmanager
2024-10-26 23:42:33,768 [INFO] PluginManage:359 - Loaded plugin ipmanager (category:base,tabindex:5)
2024-10-26 23:42:33,769 [INFO] PluginManage:310 - Check plugin lpbam
2024-10-26 23:42:33,783 [INFO] PluginManage:359 - Loaded plugin lpbam (category:base,tabindex:0)
2024-10-26 23:42:33,783 [INFO] PluginManage:310 - Check plugin memorymap
2024-10-26 23:42:33,803 [INFO] PluginManage:359 - Loaded plugin memorymap (category:base,tabindex:4)
2024-10-26 23:42:33,804 [INFO] PluginManage:310 - Check plugin pinoutandconfiguration
2024-10-26 23:42:33,818 [INFO] PluginManage:359 - Loaded plugin pinoutandconfiguration (category:base,tabindex:1)
2024-10-26 23:42:33,818 [INFO] PluginManage:310 - Check plugin pinoutconfig
2024-10-26 23:42:33,893 [WARN] SupportedApi:132 - Cannot load RTOS API schema: s4s-elt-must-match.1: The content of 'definitions' must match (annotation?, (simpleType | complexType)?, (unique | key | keyref)*)). A problem was found starting at: attribute.
2024-10-26 23:42:34,006 [INFO] PluginManage:359 - Loaded plugin pinoutconfig (category:base,tabindex:0)
2024-10-26 23:42:34,006 [INFO] PluginManage:310 - Check plugin power
2024-10-26 23:42:34,022 [INFO] PluginManage:359 - Loaded plugin power (category:power,tabindex:4)
2024-10-26 23:42:34,022 [INFO] PluginManage:310 - Check plugin projectmanager
2024-10-26 23:42:34,035 [INFO] PluginManage:359 - Loaded plugin projectmanager (category:projectmanager,tabindex:4)
2024-10-26 23:42:34,035 [INFO] PluginManage:310 - Check plugin rif
2024-10-26 23:42:34,047 [INFO] PluginManage:359 - Loaded plugin rif (category:base,tabindex:3)
2024-10-26 23:42:34,048 [INFO] PluginManage:310 - Check plugin thirdparty
2024-10-26 23:42:34,321 [INFO] PluginManage:359 - Loaded plugin thirdparty (category:base,tabindex:-1)
2024-10-26 23:42:34,321 [WARN] IntegrityCheckThread:84 - waiting for thirdparty lock release [integrity check]
2024-10-26 23:42:34,322 [INFO] IntegrityCheckThread:86 - entering critical section [integrity check]
2024-10-26 23:42:34,322 [INFO] PluginManage:310 - Check plugin tools
2024-10-26 23:42:34,322 [INFO] ThirdPartyUpdaterWithRetryManager:70 - Updater plugin not ready yet. [1/15]
2024-10-26 23:42:34,367 [INFO] PluginManage:359 - Loaded plugin tools (category:base,tabindex:7)
2024-10-26 23:42:34,367 [INFO] PluginManage:310 - Check plugin tutovideos
2024-10-26 23:42:34,521 [INFO] PluginManage:359 - Loaded plugin tutovideos (category:base,tabindex:-1)
2024-10-26 23:42:34,521 [INFO] PluginManage:310 - Check plugin updater
2024-10-26 23:42:34,535 [INFO] PluginManage:359 - Loaded plugin updater (category:base,tabindex:12)
2024-10-26 23:42:34,535 [INFO] PluginManage:310 - Check plugin userauth
2024-10-26 23:42:34,540 [INFO] UserAuth:113 - Init User Auth plugin
2024-10-26 23:42:34,540 [INFO] PluginManage:359 - Loaded plugin userauth (category:base,tabindex:14)
2024-10-26 23:42:34,540 [INFO] PluginManage:283 - PluginManage : Loaded plugins [18]
2024-10-26 23:42:34,709 [INFO] PinOutPanel:1561 - setPackage(No Configuration,No Configuration)
2024-10-26 23:42:34,780 [INFO] CADModel:165 - CPN selected for project level
2024-10-26 23:42:34,780 [INFO] CADModel:114 - Register for checkConnection events
2024-10-26 23:42:34,802 [INFO] IPUIPlugin:80 - create IPUIPlugin
2024-10-26 23:42:34,802 [INFO] PluginManager:220 - loadIPPluginJar : add adc
2024-10-26 23:42:34,831 [INFO] IPUIPlugin:80 - create IPUIPlugin
2024-10-26 23:42:34,832 [INFO] PluginManager:220 - loadIPPluginJar : add aes
2024-10-26 23:42:34,865 [INFO] IPUIPlugin:80 - create IPUIPlugin
2024-10-26 23:42:34,865 [INFO] PluginManager:220 - loadIPPluginJar : add can
2024-10-26 23:42:34,888 [INFO] IPUIPlugin:80 - create IPUIPlugin
2024-10-26 23:42:34,888 [INFO] PluginManager:220 - loadIPPluginJar : add comp
2024-10-26 23:42:34,916 [INFO] IPUIPlugin:80 - create IPUIPlugin
2024-10-26 23:42:34,917 [INFO] PluginManager:220 - loadIPPluginJar : add cryp
2024-10-26 23:42:34,928 [INFO] IPUIPlugin:80 - create IPUIPlugin
2024-10-26 23:42:34,928 [INFO] PluginManager:220 - loadIPPluginJar : add ddr_ctrl_phy
2024-10-26 23:42:34,952 [INFO] IPUIPlugin:80 - create IPUIPlugin
2024-10-26 23:42:34,952 [INFO] PluginManager:220 - loadIPPluginJar : add dfsdm
2024-10-26 23:42:34,966 [INFO] IPUIPlugin:80 - create IPUIPlugin
2024-10-26 23:42:34,966 [INFO] PluginManager:220 - loadIPPluginJar : add dma
2024-10-26 23:42:35,003 [INFO] IPUIPlugin:80 - create IPUIPlugin
2024-10-26 23:42:35,003 [INFO] PluginManager:220 - loadIPPluginJar : add dma3
2024-10-26 23:42:35,046 [INFO] IPUIPlugin:80 - create IPUIPlugin
2024-10-26 23:42:35,046 [INFO] PluginManager:220 - loadIPPluginJar : add extmemmanager
2024-10-26 23:42:35,063 [INFO] IPUIPlugin:80 - create IPUIPlugin
2024-10-26 23:42:35,063 [INFO] PluginManager:220 - loadIPPluginJar : add fatfs
2024-10-26 23:42:35,104 [INFO] IPUIPlugin:80 - create IPUIPlugin
2024-10-26 23:42:35,104 [INFO] PluginManager:220 - loadIPPluginJar : add fmc
2024-10-26 23:42:35,119 [INFO] IPUIPlugin:80 - create IPUIPlugin
2024-10-26 23:42:35,119 [INFO] PluginManager:220 - loadIPPluginJar : add freertos
2024-10-26 23:42:35,135 [INFO] IPUIPlugin:80 - create IPUIPlugin
2024-10-26 23:42:35,136 [INFO] PluginManager:220 - loadIPPluginJar : add genericplugin
2024-10-26 23:42:35,208 [INFO] IPUIPlugin:80 - create IPUIPlugin
2024-10-26 23:42:35,209 [INFO] PluginManager:220 - loadIPPluginJar : add gfxmmu
2024-10-26 23:42:35,314 [INFO] IPUIPlugin:80 - create IPUIPlugin
2024-10-26 23:42:35,314 [INFO] PluginManager:220 - loadIPPluginJar : add gic
2024-10-26 23:42:35,326 [INFO] IPUIPlugin:80 - create IPUIPlugin
2024-10-26 23:42:35,326 [INFO] PluginManager:220 - loadIPPluginJar : add gpio
2024-10-26 23:42:35,403 [INFO] IPUIPlugin:80 - create IPUIPlugin
2024-10-26 23:42:35,403 [INFO] PluginManager:220 - loadIPPluginJar : add gtzc
2024-10-26 23:42:35,429 [INFO] IPUIPlugin:80 - create IPUIPlugin
2024-10-26 23:42:35,429 [INFO] PluginManager:220 - loadIPPluginJar : add hash
2024-10-26 23:42:35,473 [INFO] IPUIPlugin:80 - create IPUIPlugin
2024-10-26 23:42:35,473 [INFO] PluginManager:220 - loadIPPluginJar : add i2c
2024-10-26 23:42:35,505 [INFO] IPUIPlugin:80 - create IPUIPlugin
2024-10-26 23:42:35,505 [INFO] PluginManager:220 - loadIPPluginJar : add i2s
2024-10-26 23:42:35,538 [INFO] IPUIPlugin:80 - create IPUIPlugin
2024-10-26 23:42:35,538 [INFO] PluginManager:220 - loadIPPluginJar : add i3c
2024-10-26 23:42:35,625 [INFO] IPUIPlugin:80 - create IPUIPlugin
2024-10-26 23:42:35,625 [INFO] PluginManager:220 - loadIPPluginJar : add ipddr
2024-10-26 23:42:35,700 [INFO] IPUIPlugin:80 - create IPUIPlugin
2024-10-26 23:42:35,700 [INFO] PluginManager:220 - loadIPPluginJar : add linkedlist
2024-10-26 23:42:35,729 [INFO] IPUIPlugin:80 - create IPUIPlugin
2024-10-26 23:42:35,729 [INFO] PluginManager:220 - loadIPPluginJar : add lorawan
2024-10-26 23:42:35,762 [INFO] IPUIPlugin:80 - create IPUIPlugin
2024-10-26 23:42:35,762 [INFO] PluginManager:220 - loadIPPluginJar : add ltdc
2024-10-26 23:42:35,774 [INFO] IPUIPlugin:80 - create IPUIPlugin
2024-10-26 23:42:35,774 [INFO] PluginManager:220 - loadIPPluginJar : add mdma
2024-10-26 23:42:35,786 [INFO] IPUIPlugin:80 - create IPUIPlugin
2024-10-26 23:42:35,786 [INFO] PluginManager:220 - loadIPPluginJar : add nvic
2024-10-26 23:42:35,818 [INFO] IPUIPlugin:80 - create IPUIPlugin
2024-10-26 23:42:35,818 [INFO] PluginManager:220 - loadIPPluginJar : add opamp
2024-10-26 23:42:35,873 [INFO] IPUIPlugin:80 - create IPUIPlugin
2024-10-26 23:42:35,873 [INFO] PluginManager:220 - loadIPPluginJar : add openamp
2024-10-26 23:42:35,908 [INFO] IPUIPlugin:80 - create IPUIPlugin
2024-10-26 23:42:35,908 [INFO] PluginManager:220 - loadIPPluginJar : add pdm2pcm
2024-10-26 23:42:35,921 [INFO] IPUIPlugin:80 - create IPUIPlugin
2024-10-26 23:42:35,923 [INFO] PluginManager:220 - loadIPPluginJar : add plateformsettings
2024-10-26 23:42:35,942 [INFO] IPUIPlugin:80 - create IPUIPlugin
2024-10-26 23:42:35,942 [INFO] PluginManager:220 - loadIPPluginJar : add quadspi
2024-10-26 23:42:35,968 [INFO] IPUIPlugin:80 - create IPUIPlugin
2024-10-26 23:42:35,969 [INFO] PluginManager:220 - loadIPPluginJar : add radio
2024-10-26 23:42:35,987 [INFO] IPUIPlugin:80 - create IPUIPlugin
2024-10-26 23:42:35,987 [INFO] PluginManager:220 - loadIPPluginJar : add resmgrutility
2024-10-26 23:42:36,050 [INFO] IPUIPlugin:80 - create IPUIPlugin
2024-10-26 23:42:36,050 [INFO] PluginManager:220 - loadIPPluginJar : add sai
2024-10-26 23:42:36,080 [INFO] IPUIPlugin:80 - create IPUIPlugin
2024-10-26 23:42:36,080 [INFO] PluginManager:220 - loadIPPluginJar : add spi
2024-10-26 23:42:36,140 [INFO] IPUIPlugin:80 - create IPUIPlugin
2024-10-26 23:42:36,140 [INFO] PluginManager:220 - loadIPPluginJar : add stm32_wpan
2024-10-26 23:42:36,162 [INFO] IPUIPlugin:80 - create IPUIPlugin
2024-10-26 23:42:36,162 [INFO] PluginManager:220 - loadIPPluginJar : add tim
2024-10-26 23:42:36,211 [INFO] IPUIPlugin:80 - create IPUIPlugin
2024-10-26 23:42:36,211 [INFO] PluginManager:220 - loadIPPluginJar : add touchsensing
2024-10-26 23:42:36,231 [INFO] IPUIPlugin:80 - create IPUIPlugin
2024-10-26 23:42:36,231 [INFO] PluginManager:220 - loadIPPluginJar : add tracer_emb
2024-10-26 23:42:36,251 [INFO] IPUIPlugin:80 - create IPUIPlugin
2024-10-26 23:42:36,252 [INFO] PluginManager:220 - loadIPPluginJar : add ts
2024-10-26 23:42:36,271 [INFO] IPUIPlugin:80 - create IPUIPlugin
2024-10-26 23:42:36,271 [INFO] PluginManager:220 - loadIPPluginJar : add tsc
2024-10-26 23:42:36,291 [INFO] IPUIPlugin:80 - create IPUIPlugin
2024-10-26 23:42:36,291 [INFO] PluginManager:220 - loadIPPluginJar : add ucpd
2024-10-26 23:42:36,334 [INFO] IPUIPlugin:80 - create IPUIPlugin
2024-10-26 23:42:36,334 [INFO] PluginManager:220 - loadIPPluginJar : add usart
2024-10-26 23:42:36,371 [INFO] IPUIPlugin:80 - create IPUIPlugin
2024-10-26 23:42:36,371 [INFO] PluginManager:220 - loadIPPluginJar : add usbx
2024-10-26 23:42:36,486 [INFO] CADModel:165 - CPN selected for project level
2024-10-26 23:42:36,486 [INFO] CADModel:114 - Register for checkConnection events
2024-10-26 23:42:36,487 [FATAL] Updater:334 - Updater called before beeing initialized
2024-10-26 23:42:36,487 [ERROR] CADModel:125 - Updater not yet initialized, retry later 
2024-10-26 23:42:36,623 [INFO] CADModel:165 - CPN selected for project level
2024-10-26 23:42:36,623 [INFO] CADModel:114 - Register for checkConnection events
2024-10-26 23:42:36,623 [FATAL] Updater:334 - Updater called before beeing initialized
2024-10-26 23:42:36,623 [ERROR] CADModel:125 - Updater not yet initialized, retry later 
2024-10-26 23:42:36,625 [FATAL] Updater:334 - Updater called before beeing initialized
2024-10-26 23:42:36,699 [FATAL] Updater:334 - Updater called before beeing initialized
2024-10-26 23:42:36,707 [INFO] DbMcusAds:53 - JSON generation date=Fri Sep 20 20:04:38 ICT 2024 (1726837478367)
2024-10-26 23:42:36,708 [FATAL] Updater:334 - Updater called before beeing initialized
2024-10-26 23:42:36,753 [WARN] DetailPanel:346 - Failed to get advertising image, set to default
2024-10-26 23:42:36,812 [FATAL] Updater:334 - Updater called before beeing initialized
2024-10-26 23:42:36,813 [FATAL] Updater:334 - Updater called before beeing initialized
2024-10-26 23:42:36,814 [FATAL] Updater:334 - Updater called before beeing initialized
2024-10-26 23:42:36,814 [WARN] DetailPanel:346 - Failed to get advertising image, set to default
2024-10-26 23:42:36,814 [FATAL] Updater:334 - Updater called before beeing initialized
2024-10-26 23:42:36,862 [ERROR] Updater:1164 - MainUpdater not yet initialized. External WinMGr cannot be set.
2024-10-26 23:42:36,873 [INFO] Updater:1100 - Updater Version found : 6.12.1
2024-10-26 23:42:36,890 [INFO] ApplicationProperties:184 - Using Application install path: C:\ST\STM32CubeIDE_1.16.1\STM32CubeIDE\plugins\com.st.stm32cube.common.mx_6.12.1.202409122256
2024-10-26 23:42:37,333 [INFO] ThirdPartyUpdaterWithRetryManager:70 - Updater plugin not ready yet. [2/15]
2024-10-26 23:42:38,508 [ERROR] LogOutputStream:75 - [STDERR_REDIRECT] Oct 26, 2024 11:42:38 PM java.util.prefs.WindowsPreferences <init>
2024-10-26 23:42:38,509 [ERROR] LogOutputStream:75 - [STDERR_REDIRECT] WARNING: Could not open/create prefs root node Software\JavaSoft\Prefs at root 0xffffffff80000002. Windows RegCreateKeyEx(...) returned error code 5.
2024-10-26 23:42:38,509 [ERROR] LogOutputStream:75 - [STDERR_REDIRECT] 
2024-10-26 23:42:38,572 [INFO] MainUpdater:526 - Copy updater definitions from MX database
2024-10-26 23:42:38,846 [INFO] MainUpdater:2873 - connection check result : 10
2024-10-26 23:42:38,847 [INFO] MainUpdater:3567 - Updater definition file requires update
2024-10-26 23:42:38,847 [INFO] MainUpdater:290 - Updater Check For Update Now.
2024-10-26 23:42:38,847 [INFO] MicroXplorer:498 - Change Database Version : DB.6.0.121
2024-10-26 23:42:38,861 [INFO] McuFinderGlobals:63 - Set McuFinder mode to 2 (CubeIDE integrated)
2024-10-26 23:42:38,866 [INFO] UserAuth:417 - Internet connection configuration mode: 1
2024-10-26 23:42:38,891 [INFO] JxBrowserEngine:152 - Initiate JxBrowser Engine with user profile folder
2024-10-26 23:42:38,966 [INFO] ServerAccessManage:473 - Download File updaters.zip
2024-10-26 23:42:39,113 [INFO] FileExtend:240 - Unzip File : updaters.zip
2024-10-26 23:42:39,114 [INFO] FileExtend:255 - Standard Zip Deflate
2024-10-26 23:42:40,047 [INFO] ServerAccessManage:473 - Download File PacksControlFlags.xml
2024-10-26 23:42:40,165 [INFO] ServerAccessManage:473 - Download File cubemx.pidx
2024-10-26 23:42:40,258 [INFO] LoadServerUpdatesThread:375 - End of LoadServerUpdate Thread
2024-10-26 23:42:40,346 [WARN] MainUpdater:1194 - Updater busy. Cannot search thirdparties
2024-10-26 23:42:40,346 [INFO] ThirdPartyUpdaterWithRetryManager:96 - Updater plugin is busy. [1/15]
2024-10-26 23:42:40,441 [INFO] CheckServerUpdateThread:120 - End of CheckServer Thread
2024-10-26 23:42:43,505 [WARN] PackLoader:240 - Cannot read IP mode file for STMicroelectronics.FP-SNS-MOTENVWB1.1.4.0
2024-10-26 23:42:43,519 [WARN] PackLoader:240 - Cannot read IP mode file for STMicroelectronics.X-CUBE-SMBUS.2.1.0
2024-10-26 23:42:43,535 [WARN] PackLoader:240 - Cannot read IP mode file for STMicroelectronics.X-CUBE-WB05N.1.1.0
2024-10-26 23:42:43,567 [WARN] PackLoader:240 - Cannot read IP mode file for STMicroelectronics.X-CUBE-AZRTOS-F7.1.1.0
2024-10-26 23:42:43,637 [WARN] PackLoader:240 - Cannot read IP mode file for STMicroelectronics.X-CUBE-MEMS1.11.0.0
2024-10-26 23:42:43,757 [WARN] PackLoader:240 - Cannot read IP mode file for STMicroelectronics.FP-SNS-FLIGHT1.5.0.2
2024-10-26 23:42:43,786 [WARN] PackLoader:240 - Cannot read IP mode file for STMicroelectronics.X-CUBE-DISPLAY.3.0.0
2024-10-26 23:42:43,815 [WARN] PackLoader:240 - Cannot read IP mode file for STMicroelectronics.X-CUBE-BLE1.7.0.0
2024-10-26 23:42:43,833 [WARN] PackLoader:240 - Cannot read IP mode file for STMicroelectronics.X-CUBE-NFC10.1.0.0
2024-10-26 23:42:43,848 [WARN] PackLoader:240 - Cannot read IP mode file for emotas.I-CUBE-CANOPEN.1.3.0
2024-10-26 23:42:43,869 [WARN] PackLoader:240 - Cannot read IP mode file for STMicroelectronics.X-CUBE-BLEMGR.3.1.0
2024-10-26 23:42:43,887 [WARN] PackLoader:240 - Cannot read IP mode file for STMicroelectronics.FP-SNS-SMARTAG2.1.2.0
2024-10-26 23:42:43,911 [INFO] LogOutputStream:77 - [STDOUT_REDIRECT] 1 : Invalid condition id : UX_CORESTACK_Condition cause : null
2024-10-26 23:42:43,912 [INFO] LogOutputStream:77 - [STDOUT_REDIRECT] 1 : Invalid condition id : UX_CORESTACK_Condition cause : null
2024-10-26 23:42:43,913 [INFO] LogOutputStream:77 - [STDOUT_REDIRECT] 1 : Invalid condition id : UX_CORESTACK_Condition cause : null
2024-10-26 23:42:43,913 [INFO] LogOutputStream:77 - [STDOUT_REDIRECT] 1 : Invalid condition id : UX_CORESTACK_Condition cause : null
2024-10-26 23:42:43,914 [INFO] LogOutputStream:77 - [STDOUT_REDIRECT] 1 : Invalid condition id : UX_CORESTACK_Condition cause : null
2024-10-26 23:42:43,916 [WARN] PackLoader:240 - Cannot read IP mode file for STMicroelectronics.X-CUBE-AZRTOS-WL.2.0.0
2024-10-26 23:42:43,936 [WARN] PackLoader:240 - Cannot read IP mode file for STMicroelectronics.FP-SNS-MOTENV1.5.0.0
2024-10-26 23:42:43,954 [WARN] PackLoader:240 - Cannot read IP mode file for wolfSSL.I-CUBE-wolfMQTT.1.19.0
2024-10-26 23:42:43,974 [WARN] PackLoader:240 - Cannot read IP mode file for WES.I-CUBE-Cesium.1.3.0
2024-10-26 23:42:43,992 [WARN] PackLoader:240 - Cannot read IP mode file for STMicroelectronics.X-CUBE-BLE2.3.3.0
2024-10-26 23:42:44,011 [WARN] PackLoader:240 - Cannot read IP mode file for STMicroelectronics.X-CUBE-NFC9.1.0.0
2024-10-26 23:42:44,028 [WARN] PackLoader:240 - Cannot read IP mode file for STMicroelectronics.X-CUBE-TCPP.4.1.0
2024-10-26 23:42:44,058 [WARN] PackLoader:240 - Cannot read IP mode file for STMicroelectronics.X-CUBE-AZRTOS-G0.1.1.0
2024-10-26 23:42:44,081 [WARN] PackLoader:240 - Cannot read IP mode file for STMicroelectronics.X-CUBE-SAFEA1.1.2.2
2024-10-26 23:42:44,096 [WARN] PackLoader:240 - Cannot read IP mode file for STMicroelectronics.X-CUBE-NFC4.3.0.0
2024-10-26 23:42:44,117 [WARN] PackLoader:240 - Cannot read IP mode file for EmbeddedOffice.I-CUBE-FS-RTOS.1.0.1
2024-10-26 23:42:44,118 [ERROR] ConditionMgr:805 - Attr not supported : Dmpu
2024-10-26 23:42:44,118 [ERROR] ConditionMgr:805 - Attr not supported : Dmpu
2024-10-26 23:42:44,118 [ERROR] ConditionMgr:805 - Attr not supported : Dmpu
2024-10-26 23:42:44,118 [ERROR] ConditionMgr:805 - Attr not supported : Dmpu
2024-10-26 23:42:44,118 [ERROR] ConditionMgr:805 - Attr not supported : Dmpu
2024-10-26 23:42:44,118 [ERROR] ConditionMgr:805 - Attr not supported : Dmpu
2024-10-26 23:42:44,118 [ERROR] ConditionMgr:805 - Attr not supported : Dmpu
2024-10-26 23:42:44,118 [ERROR] ConditionMgr:805 - Attr not supported : Dmpu
2024-10-26 23:42:44,118 [ERROR] ConditionMgr:805 - Attr not supported : Dmpu
2024-10-26 23:42:44,118 [ERROR] ConditionMgr:805 - Attr not supported : Dmpu
2024-10-26 23:42:44,118 [ERROR] ConditionMgr:805 - Attr not supported : Dmpu
2024-10-26 23:42:44,118 [ERROR] ConditionMgr:805 - Attr not supported : Dmpu
2024-10-26 23:42:44,118 [ERROR] ConditionMgr:805 - Attr not supported : Dmpu
2024-10-26 23:42:44,118 [ERROR] ConditionMgr:805 - Attr not supported : Dmpu
2024-10-26 23:42:44,118 [ERROR] ConditionMgr:805 - Attr not supported : Dmpu
2024-10-26 23:42:44,118 [ERROR] ConditionMgr:805 - Attr not supported : Dmpu
2024-10-26 23:42:44,119 [ERROR] ConditionMgr:805 - Attr not supported : Dmpu
2024-10-26 23:42:44,119 [ERROR] ConditionMgr:805 - Attr not supported : Dmpu
2024-10-26 23:42:44,119 [ERROR] ConditionMgr:805 - Attr not supported : Dmpu
2024-10-26 23:42:44,119 [ERROR] ConditionMgr:805 - Attr not supported : Dmpu
2024-10-26 23:42:44,119 [ERROR] ConditionMgr:805 - Attr not supported : Dmpu
2024-10-26 23:42:44,119 [ERROR] ConditionMgr:805 - Attr not supported : Dmpu
2024-10-26 23:42:44,119 [ERROR] ConditionMgr:805 - Attr not supported : Dmpu
2024-10-26 23:42:44,119 [ERROR] ConditionMgr:805 - Attr not supported : Dmpu
2024-10-26 23:42:44,119 [ERROR] ConditionMgr:805 - Attr not supported : Dmpu
2024-10-26 23:42:44,119 [ERROR] ConditionMgr:805 - Attr not supported : Dmpu
2024-10-26 23:42:44,119 [ERROR] ConditionMgr:805 - Attr not supported : Dmpu
2024-10-26 23:42:44,119 [ERROR] ConditionMgr:805 - Attr not supported : Dmpu
2024-10-26 23:42:44,119 [ERROR] ConditionMgr:805 - Attr not supported : Dmpu
2024-10-26 23:42:44,119 [ERROR] ConditionMgr:805 - Attr not supported : Dmpu
2024-10-26 23:42:44,119 [ERROR] ConditionMgr:805 - Attr not supported : Dmpu
2024-10-26 23:42:44,119 [ERROR] ConditionMgr:805 - Attr not supported : Dmpu
2024-10-26 23:42:44,119 [ERROR] ConditionMgr:805 - Attr not supported : Dmpu
2024-10-26 23:42:44,119 [ERROR] ConditionMgr:805 - Attr not supported : Dmpu
2024-10-26 23:42:44,119 [ERROR] ConditionMgr:805 - Attr not supported : Dmpu
2024-10-26 23:42:44,119 [ERROR] ConditionMgr:805 - Attr not supported : Dmpu
2024-10-26 23:42:44,119 [ERROR] ConditionMgr:805 - Attr not supported : Dmpu
2024-10-26 23:42:44,119 [ERROR] ConditionMgr:805 - Attr not supported : Dmpu
2024-10-26 23:42:44,119 [ERROR] ConditionMgr:805 - Attr not supported : Dmpu
2024-10-26 23:42:44,119 [ERROR] ConditionMgr:805 - Attr not supported : Dmpu
2024-10-26 23:42:44,121 [ERROR] ConditionMgr:805 - Attr not supported : Dmpu
2024-10-26 23:42:44,121 [ERROR] ConditionMgr:805 - Attr not supported : Dmpu
2024-10-26 23:42:44,121 [ERROR] ConditionMgr:805 - Attr not supported : Dmpu
2024-10-26 23:42:44,121 [ERROR] ConditionMgr:805 - Attr not supported : Dmpu
2024-10-26 23:42:44,121 [ERROR] ConditionMgr:805 - Attr not supported : Dmpu
2024-10-26 23:42:44,121 [ERROR] ConditionMgr:805 - Attr not supported : Dmpu
2024-10-26 23:42:44,121 [ERROR] ConditionMgr:805 - Attr not supported : Dmpu
2024-10-26 23:42:44,121 [ERROR] ConditionMgr:805 - Attr not supported : Dmpu
2024-10-26 23:42:44,121 [ERROR] ConditionMgr:805 - Attr not supported : Dmpu
2024-10-26 23:42:44,121 [ERROR] ConditionMgr:805 - Attr not supported : Dmpu
2024-10-26 23:42:44,121 [ERROR] ConditionMgr:805 - Attr not supported : Dmpu
2024-10-26 23:42:44,121 [ERROR] ConditionMgr:805 - Attr not supported : Dmpu
2024-10-26 23:42:44,121 [ERROR] ConditionMgr:805 - Attr not supported : Dmpu
2024-10-26 23:42:44,121 [ERROR] ConditionMgr:805 - Attr not supported : Dmpu
2024-10-26 23:42:44,121 [ERROR] ConditionMgr:805 - Attr not supported : Dmpu
2024-10-26 23:42:44,121 [ERROR] ConditionMgr:805 - Attr not supported : Dmpu
2024-10-26 23:42:44,121 [ERROR] ConditionMgr:805 - Attr not supported : Dmpu
2024-10-26 23:42:44,121 [ERROR] ConditionMgr:805 - Attr not supported : Dmpu
2024-10-26 23:42:44,121 [ERROR] ConditionMgr:805 - Attr not supported : Dmpu
2024-10-26 23:42:44,121 [ERROR] ConditionMgr:805 - Attr not supported : Dmpu
2024-10-26 23:42:44,121 [ERROR] ConditionMgr:805 - Attr not supported : Dmpu
2024-10-26 23:42:44,121 [ERROR] ConditionMgr:805 - Attr not supported : Dmpu
2024-10-26 23:42:44,121 [ERROR] ConditionMgr:805 - Attr not supported : Dmpu
2024-10-26 23:42:44,122 [ERROR] ConditionMgr:805 - Attr not supported : Dmpu
2024-10-26 23:42:44,138 [WARN] PackLoader:240 - Cannot read IP mode file for RealThread.X-CUBE-RT-Thread_Nano.4.1.1
2024-10-26 23:42:44,157 [WARN] PackLoader:240 - Cannot read IP mode file for STMicroelectronics.FP-ATR-SIGFOX1.3.2.0
2024-10-26 23:42:44,171 [WARN] PackLoader:240 - Cannot read IP mode file for wolfSSL.I-CUBE-wolfSSL.5.7.2
2024-10-26 23:42:44,186 [WARN] PackLoader:240 - Cannot read IP mode file for STMicroelectronics.X-CUBE-EEPRMA1.5.1.0
2024-10-26 23:42:44,201 [WARN] PackLoader:240 - Cannot read IP mode file for ITTIA_DB.I-CUBE-ITTIADB.8.9.0
2024-10-26 23:42:44,241 [WARN] PackLoader:240 - Cannot read IP mode file for SEGGER.I-CUBE-embOS.1.3.1
2024-10-26 23:42:44,285 [WARN] PackLoader:240 - Cannot read IP mode file for STMicroelectronics.X-CUBE-ALGOBUILD.1.4.0
2024-10-26 23:42:44,301 [WARN] PackLoader:240 - Cannot read IP mode file for STMicroelectronics.X-CUBE-AI.9.1.0
2024-10-26 23:42:44,328 [WARN] PackLoader:240 - Cannot read IP mode file for STMicroelectronics.X-CUBE-AZRTOS-F4.1.1.0
2024-10-26 23:42:44,345 [WARN] PackLoader:240 - Cannot read IP mode file for STMicroelectronics.X-CUBE-ISPU.2.1.0
2024-10-26 23:42:44,359 [WARN] PackLoader:240 - Cannot read IP mode file for STMicroelectronics.X-CUBE-FREERTOS.1.2.0
2024-10-26 23:42:44,386 [WARN] PackLoader:240 - Cannot read IP mode file for STMicroelectronics.X-CUBE-AZRTOS-L5.2.0.0
2024-10-26 23:42:44,408 [WARN] PackLoader:240 - Cannot read IP mode file for STMicroelectronics.X-CUBE-NFC6.3.1.0
2024-10-26 23:42:44,422 [WARN] PackLoader:240 - Cannot read IP mode file for STMicroelectronics.X-CUBE-DPower.1.2.0
2024-10-26 23:42:44,436 [WARN] PackLoader:240 - Cannot read IP mode file for STMicroelectronics.X-CUBE-AI.9.0.0
2024-10-26 23:42:44,451 [WARN] PackLoader:240 - Cannot read IP mode file for STMicroelectronics.X-CUBE-NFC7.1.0.1
2024-10-26 23:42:44,474 [WARN] ConditionMgr:438 - getConditionDescription Invalid condition id : LAN8742 Phy interface Condition cause : null
2024-10-26 23:42:44,475 [WARN] PackLoader:240 - Cannot read IP mode file for STMicroelectronics.X-CUBE-AZRTOS-L4.2.0.0
2024-10-26 23:42:44,476 [WARN] ConditionMgr:1039 - genDependencies : Invalid condition id : LAN8742 Phy interface Condition cause : null
2024-10-26 23:42:44,476 [WARN] ConditionMgr:1039 - genDependencies : Invalid condition id : LAN8742 Phy interface Condition cause : null
2024-10-26 23:42:44,477 [WARN] ConditionMgr:1039 - genDependencies : Invalid condition id : LAN8742 Phy interface Condition cause : null
2024-10-26 23:42:44,493 [WARN] PackLoader:240 - Cannot read IP mode file for STMicroelectronics.X-CUBE-SFXS2LP1.4.0.0
2024-10-26 23:42:44,521 [WARN] PackLoader:240 - Cannot read IP mode file for STMicroelectronics.X-CUBE-AZRTOS-H7.3.3.0
2024-10-26 23:42:44,544 [WARN] PackLoader:240 - Cannot read IP mode file for STMicroelectronics.X-CUBE-IPS.3.0.0
2024-10-26 23:42:44,567 [WARN] ConditionMgr:438 - getConditionDescription Invalid condition id : UX DEVICE CLASS RTOS Condition cause : null
2024-10-26 23:42:44,568 [WARN] ConditionMgr:438 - getConditionDescription Invalid condition id : UX DEVICE CLASS RTOS Condition cause : null
2024-10-26 23:42:44,568 [WARN] PackLoader:240 - Cannot read IP mode file for STMicroelectronics.X-CUBE-AZRTOS-WB.2.0.0
2024-10-26 23:42:44,569 [WARN] ConditionMgr:1039 - genDependencies : Invalid condition id : UX DEVICE CLASS RTOS Condition cause : null
2024-10-26 23:42:44,569 [WARN] ConditionMgr:1039 - genDependencies : Invalid condition id : UX DEVICE CLASS RTOS Condition cause : null
2024-10-26 23:42:44,569 [WARN] ConditionMgr:1039 - genDependencies : Invalid condition id : UX DEVICE CLASS RTOS Condition cause : null
2024-10-26 23:42:44,569 [WARN] ConditionMgr:1039 - genDependencies : Invalid condition id : UX DEVICE CLASS RTOS Condition cause : null
2024-10-26 23:42:44,569 [WARN] ConditionMgr:1039 - genDependencies : Invalid condition id : UX DEVICE CLASS RTOS Condition cause : null
2024-10-26 23:42:44,589 [WARN] PackLoader:240 - Cannot read IP mode file for STMicroelectronics.X-CUBE-GNSS1.7.0.0
2024-10-26 23:42:44,606 [WARN] PackLoader:240 - Cannot read IP mode file for STMicroelectronics.FP-SNS-STBOX1.2.0.0
2024-10-26 23:42:44,629 [WARN] PackLoader:240 - Cannot read IP mode file for STMicroelectronics.X-CUBE-SUBG2.5.0.0
2024-10-26 23:42:44,658 [WARN] PackLoader:240 - Cannot read IP mode file for Cesanta.I-CUBE-Mongoose.7.13.0
2024-10-26 23:42:44,690 [WARN] PackLoader:240 - Cannot read IP mode file for STMicroelectronics.X-CUBE-AZRTOS-G4.2.0.0
2024-10-26 23:42:44,702 [WARN] PackLoader:240 - Cannot read IP mode file for STMicroelectronics.X-CUBE-ISPU.2.0.0
2024-10-26 23:42:44,713 [WARN] PackLoader:240 - Cannot read IP mode file for STMicroelectronics.X-CUBE-ALS.1.0.2
2024-10-26 23:42:44,727 [WARN] PackLoader:240 - Cannot read IP mode file for STMicroelectronics.X-CUBE-TOUCHGFX.4.24.0
2024-10-26 23:42:44,739 [WARN] PackLoader:240 - Cannot read IP mode file for STMicroelectronics.X-CUBE-TOUCHGFX.4.24.1
2024-10-26 23:42:44,759 [WARN] PackLoader:240 - Cannot read IP mode file for wolfSSL.I-CUBE-wolfTPM.3.4.0
2024-10-26 23:42:44,772 [WARN] PackLoader:240 - Cannot read IP mode file for portGmbH.I-Cube-SoM-uGOAL.1.1.0
2024-10-26 23:42:44,793 [WARN] PackLoader:240 - Cannot read IP mode file for STMicroelectronics.X-CUBE-AZRTOS-H7RS.1.0.0
2024-10-26 23:42:44,810 [WARN] PackLoader:240 - Cannot read IP mode file for STMicroelectronics.FP-ATR-ASTRA1.2.0.0
2024-10-26 23:42:44,827 [WARN] PackLoader:240 - Cannot read IP mode file for STMicroelectronics.X-CUBE-TOF1.3.4.2
2024-10-26 23:42:44,863 [WARN] PackLoader:240 - Cannot read IP mode file for Infineon.AIROC-Wi-Fi-Bluetooth-STM32.1.6.1
2024-10-26 23:42:44,879 [WARN] PackLoader:240 - Cannot read IP mode file for wolfSSL.I-CUBE-wolfSSH.1.4.17
2024-10-26 23:42:44,880 [INFO] ThirdParty:978 - Integrity check success = true
2024-10-26 23:42:44,880 [INFO] IntegrityCheckThread:100 - exiting critical section [integrity check]
2024-10-26 23:42:44,880 [INFO] IntegrityCheckThread:103 - End integrity checks thread
2024-10-26 23:42:46,164 [INFO] WebApp:167 - Instantiating new browser for Auth
2024-10-26 23:42:47,099 [INFO] WebApp:448 - Apply proxy settings
2024-10-26 23:42:47,099 [INFO] WebApp:533 - Chromium requires no authentication
2024-10-26 23:42:47,112 [INFO] WebApp:476 - Direct internet connection detected
2024-10-26 23:42:47,146 [INFO] WebApp:869 - Register for checkConnection events
2024-10-26 23:42:47,147 [INFO] WebApp:448 - Apply proxy settings
2024-10-26 23:42:47,147 [INFO] WebApp:533 - Chromium requires no authentication
2024-10-26 23:42:47,147 [INFO] WebApp:476 - Direct internet connection detected
2024-10-26 23:42:47,362 [INFO] WebApp:186 - Connection restablished
2024-10-26 23:42:47,459 [INFO] WebApp:220 - Starting web application
2024-10-26 23:42:47,460 [INFO] WebApp:578 - Web application path used C:\ST\STM32CubeIDE_1.16.1\STM32CubeIDE\plugins\com.st.stm32cube.common.mx_6.12.1.202409122256\db\plugins\mcufinder\reactClient1\index.html
2024-10-26 23:42:47,714 [INFO] UserAuth:417 - Internet connection configuration mode: 1
