19:20:12 **** Incremental Build of configuration Debug for project Current_Measurement_Run_Mode ****
make -j12 all 
arm-none-eabi-gcc -mcpu=cortex-m4 -g3 -DSTM32 -DSTM32F4 -DSTM32F446RETx -DNUCLEO_F446RE -DDEBUG -DSTM32F446xx -DUSE_STDPERIPH_DRIVER -c -I"C:/Users/shrey/STM32CubeIDE/MasteringMCU2/Source_codes/STM32CubeIDE/MasteringMCU2/Current_Measurement_Run_Mode/CMSIS/core" -I"C:/Users/shrey/STM32CubeIDE/MasteringMCU2/Source_codes/STM32CubeIDE/MasteringMCU2/Current_Measurement_Run_Mode/CMSIS/device" -I"C:/Users/shrey/STM32CubeIDE/MasteringMCU2/Source_codes/STM32CubeIDE/MasteringMCU2/Current_Measurement_Run_Mode/StdPeriph_Driver/inc" -I"C:/Users/shrey/STM32CubeIDE/MasteringMCU2/Source_codes/STM32CubeIDE/MasteringMCU2/Current_Measurement_Run_Mode/StdPeriph_Driver/src" -x assembler-with-cpp -MMD -MP -MF"Startup/startup_stm32f446retx.d" -MT"Startup/startup_stm32f446retx.o" --specs=nano.specs -mfpu=fpv4-sp-d16 -mfloat-abi=hard -mthumb -o "Startup/startup_stm32f446retx.o" "../Startup/startup_stm32f446retx.s"
arm-none-eabi-gcc "../Src/core_list_join.c" -mcpu=cortex-m4 -std=gnu11 -g3 -DSTM32 -DSTM32F4 -DSTM32F446RETx -DNUCLEO_F446RE -DDEBUG -DSTM32F446xx -DUSE_STDPERIPH_DRIVER -c -I../Inc -I"C:/Users/shrey/STM32CubeIDE/MasteringMCU2/Source_codes/STM32CubeIDE/MasteringMCU2/Current_Measurement_Run_Mode/StdPeriph_Driver/inc" -I"C:/Users/shrey/STM32CubeIDE/MasteringMCU2/Source_codes/STM32CubeIDE/MasteringMCU2/Current_Measurement_Run_Mode/CMSIS/core" -I"C:/Users/shrey/STM32CubeIDE/MasteringMCU2/Source_codes/STM32CubeIDE/MasteringMCU2/Current_Measurement_Run_Mode/CMSIS/device" -O0 -ffunction-sections -fdata-sections -Wall -fstack-usage -fcyclomatic-complexity -MMD -MP -MF"Src/core_list_join.d" -MT"Src/core_list_join.o" --specs=nano.specs -mfpu=fpv4-sp-d16 -mfloat-abi=hard -mthumb -o "Src/core_list_join.o"
arm-none-eabi-gcc "../Src/core_main.c" -mcpu=cortex-m4 -std=gnu11 -g3 -DSTM32 -DSTM32F4 -DSTM32F446RETx -DNUCLEO_F446RE -DDEBUG -DSTM32F446xx -DUSE_STDPERIPH_DRIVER -c -I../Inc -I"C:/Users/shrey/STM32CubeIDE/MasteringMCU2/Source_codes/STM32CubeIDE/MasteringMCU2/Current_Measurement_Run_Mode/StdPeriph_Driver/inc" -I"C:/Users/shrey/STM32CubeIDE/MasteringMCU2/Source_codes/STM32CubeIDE/MasteringMCU2/Current_Measurement_Run_Mode/CMSIS/core" -I"C:/Users/shrey/STM32CubeIDE/MasteringMCU2/Source_codes/STM32CubeIDE/MasteringMCU2/Current_Measurement_Run_Mode/CMSIS/device" -O0 -ffunction-sections -fdata-sections -Wall -fstack-usage -fcyclomatic-complexity -MMD -MP -MF"Src/core_main.d" -MT"Src/core_main.o" --specs=nano.specs -mfpu=fpv4-sp-d16 -mfloat-abi=hard -mthumb -o "Src/core_main.o"
arm-none-eabi-gcc "../Src/core_matrix.c" -mcpu=cortex-m4 -std=gnu11 -g3 -DSTM32 -DSTM32F4 -DSTM32F446RETx -DNUCLEO_F446RE -DDEBUG -DSTM32F446xx -DUSE_STDPERIPH_DRIVER -c -I../Inc -I"C:/Users/shrey/STM32CubeIDE/MasteringMCU2/Source_codes/STM32CubeIDE/MasteringMCU2/Current_Measurement_Run_Mode/StdPeriph_Driver/inc" -I"C:/Users/shrey/STM32CubeIDE/MasteringMCU2/Source_codes/STM32CubeIDE/MasteringMCU2/Current_Measurement_Run_Mode/CMSIS/core" -I"C:/Users/shrey/STM32CubeIDE/MasteringMCU2/Source_codes/STM32CubeIDE/MasteringMCU2/Current_Measurement_Run_Mode/CMSIS/device" -O0 -ffunction-sections -fdata-sections -Wall -fstack-usage -fcyclomatic-complexity -MMD -MP -MF"Src/core_matrix.d" -MT"Src/core_matrix.o" --specs=nano.specs -mfpu=fpv4-sp-d16 -mfloat-abi=hard -mthumb -o "Src/core_matrix.o"
arm-none-eabi-gcc "../Src/core_portme.c" -mcpu=cortex-m4 -std=gnu11 -g3 -DSTM32 -DSTM32F4 -DSTM32F446RETx -DNUCLEO_F446RE -DDEBUG -DSTM32F446xx -DUSE_STDPERIPH_DRIVER -c -I../Inc -I"C:/Users/shrey/STM32CubeIDE/MasteringMCU2/Source_codes/STM32CubeIDE/MasteringMCU2/Current_Measurement_Run_Mode/StdPeriph_Driver/inc" -I"C:/Users/shrey/STM32CubeIDE/MasteringMCU2/Source_codes/STM32CubeIDE/MasteringMCU2/Current_Measurement_Run_Mode/CMSIS/core" -I"C:/Users/shrey/STM32CubeIDE/MasteringMCU2/Source_codes/STM32CubeIDE/MasteringMCU2/Current_Measurement_Run_Mode/CMSIS/device" -O0 -ffunction-sections -fdata-sections -Wall -fstack-usage -fcyclomatic-complexity -MMD -MP -MF"Src/core_portme.d" -MT"Src/core_portme.o" --specs=nano.specs -mfpu=fpv4-sp-d16 -mfloat-abi=hard -mthumb -o "Src/core_portme.o"
arm-none-eabi-gcc "../Src/core_state.c" -mcpu=cortex-m4 -std=gnu11 -g3 -DSTM32 -DSTM32F4 -DSTM32F446RETx -DNUCLEO_F446RE -DDEBUG -DSTM32F446xx -DUSE_STDPERIPH_DRIVER -c -I../Inc -I"C:/Users/shrey/STM32CubeIDE/MasteringMCU2/Source_codes/STM32CubeIDE/MasteringMCU2/Current_Measurement_Run_Mode/StdPeriph_Driver/inc" -I"C:/Users/shrey/STM32CubeIDE/MasteringMCU2/Source_codes/STM32CubeIDE/MasteringMCU2/Current_Measurement_Run_Mode/CMSIS/core" -I"C:/Users/shrey/STM32CubeIDE/MasteringMCU2/Source_codes/STM32CubeIDE/MasteringMCU2/Current_Measurement_Run_Mode/CMSIS/device" -O0 -ffunction-sections -fdata-sections -Wall -fstack-usage -fcyclomatic-complexity -MMD -MP -MF"Src/core_state.d" -MT"Src/core_state.o" --specs=nano.specs -mfpu=fpv4-sp-d16 -mfloat-abi=hard -mthumb -o "Src/core_state.o"
arm-none-eabi-gcc "../Src/core_util.c" -mcpu=cortex-m4 -std=gnu11 -g3 -DSTM32 -DSTM32F4 -DSTM32F446RETx -DNUCLEO_F446RE -DDEBUG -DSTM32F446xx -DUSE_STDPERIPH_DRIVER -c -I../Inc -I"C:/Users/shrey/STM32CubeIDE/MasteringMCU2/Source_codes/STM32CubeIDE/MasteringMCU2/Current_Measurement_Run_Mode/StdPeriph_Driver/inc" -I"C:/Users/shrey/STM32CubeIDE/MasteringMCU2/Source_codes/STM32CubeIDE/MasteringMCU2/Current_Measurement_Run_Mode/CMSIS/core" -I"C:/Users/shrey/STM32CubeIDE/MasteringMCU2/Source_codes/STM32CubeIDE/MasteringMCU2/Current_Measurement_Run_Mode/CMSIS/device" -O0 -ffunction-sections -fdata-sections -Wall -fstack-usage -fcyclomatic-complexity -MMD -MP -MF"Src/core_util.d" -MT"Src/core_util.o" --specs=nano.specs -mfpu=fpv4-sp-d16 -mfloat-abi=hard -mthumb -o "Src/core_util.o"
arm-none-eabi-gcc "../Src/main.c" -mcpu=cortex-m4 -std=gnu11 -g3 -DSTM32 -DSTM32F4 -DSTM32F446RETx -DNUCLEO_F446RE -DDEBUG -DSTM32F446xx -DUSE_STDPERIPH_DRIVER -c -I../Inc -I"C:/Users/shrey/STM32CubeIDE/MasteringMCU2/Source_codes/STM32CubeIDE/MasteringMCU2/Current_Measurement_Run_Mode/StdPeriph_Driver/inc" -I"C:/Users/shrey/STM32CubeIDE/MasteringMCU2/Source_codes/STM32CubeIDE/MasteringMCU2/Current_Measurement_Run_Mode/CMSIS/core" -I"C:/Users/shrey/STM32CubeIDE/MasteringMCU2/Source_codes/STM32CubeIDE/MasteringMCU2/Current_Measurement_Run_Mode/CMSIS/device" -O0 -ffunction-sections -fdata-sections -Wall -fstack-usage -fcyclomatic-complexity -MMD -MP -MF"Src/main.d" -MT"Src/main.o" --specs=nano.specs -mfpu=fpv4-sp-d16 -mfloat-abi=hard -mthumb -o "Src/main.o"
arm-none-eabi-gcc "../Src/pwr_modes.c" -mcpu=cortex-m4 -std=gnu11 -g3 -DSTM32 -DSTM32F4 -DSTM32F446RETx -DNUCLEO_F446RE -DDEBUG -DSTM32F446xx -DUSE_STDPERIPH_DRIVER -c -I../Inc -I"C:/Users/shrey/STM32CubeIDE/MasteringMCU2/Source_codes/STM32CubeIDE/MasteringMCU2/Current_Measurement_Run_Mode/StdPeriph_Driver/inc" -I"C:/Users/shrey/STM32CubeIDE/MasteringMCU2/Source_codes/STM32CubeIDE/MasteringMCU2/Current_Measurement_Run_Mode/CMSIS/core" -I"C:/Users/shrey/STM32CubeIDE/MasteringMCU2/Source_codes/STM32CubeIDE/MasteringMCU2/Current_Measurement_Run_Mode/CMSIS/device" -O0 -ffunction-sections -fdata-sections -Wall -fstack-usage -fcyclomatic-complexity -MMD -MP -MF"Src/pwr_modes.d" -MT"Src/pwr_modes.o" --specs=nano.specs -mfpu=fpv4-sp-d16 -mfloat-abi=hard -mthumb -o "Src/pwr_modes.o"
arm-none-eabi-gcc "../Src/stm32f4xx_it.c" -mcpu=cortex-m4 -std=gnu11 -g3 -DSTM32 -DSTM32F4 -DSTM32F446RETx -DNUCLEO_F446RE -DDEBUG -DSTM32F446xx -DUSE_STDPERIPH_DRIVER -c -I../Inc -I"C:/Users/shrey/STM32CubeIDE/MasteringMCU2/Source_codes/STM32CubeIDE/MasteringMCU2/Current_Measurement_Run_Mode/StdPeriph_Driver/inc" -I"C:/Users/shrey/STM32CubeIDE/MasteringMCU2/Source_codes/STM32CubeIDE/MasteringMCU2/Current_Measurement_Run_Mode/CMSIS/core" -I"C:/Users/shrey/STM32CubeIDE/MasteringMCU2/Source_codes/STM32CubeIDE/MasteringMCU2/Current_Measurement_Run_Mode/CMSIS/device" -O0 -ffunction-sections -fdata-sections -Wall -fstack-usage -fcyclomatic-complexity -MMD -MP -MF"Src/stm32f4xx_it.d" -MT"Src/stm32f4xx_it.o" --specs=nano.specs -mfpu=fpv4-sp-d16 -mfloat-abi=hard -mthumb -o "Src/stm32f4xx_it.o"
arm-none-eabi-gcc "../Src/syscalls.c" -mcpu=cortex-m4 -std=gnu11 -g3 -DSTM32 -DSTM32F4 -DSTM32F446RETx -DNUCLEO_F446RE -DDEBUG -DSTM32F446xx -DUSE_STDPERIPH_DRIVER -c -I../Inc -I"C:/Users/shrey/STM32CubeIDE/MasteringMCU2/Source_codes/STM32CubeIDE/MasteringMCU2/Current_Measurement_Run_Mode/StdPeriph_Driver/inc" -I"C:/Users/shrey/STM32CubeIDE/MasteringMCU2/Source_codes/STM32CubeIDE/MasteringMCU2/Current_Measurement_Run_Mode/CMSIS/core" -I"C:/Users/shrey/STM32CubeIDE/MasteringMCU2/Source_codes/STM32CubeIDE/MasteringMCU2/Current_Measurement_Run_Mode/CMSIS/device" -O0 -ffunction-sections -fdata-sections -Wall -fstack-usage -fcyclomatic-complexity -MMD -MP -MF"Src/syscalls.d" -MT"Src/syscalls.o" --specs=nano.specs -mfpu=fpv4-sp-d16 -mfloat-abi=hard -mthumb -o "Src/syscalls.o"
arm-none-eabi-gcc "../Src/system_stm32f4xx.c" -mcpu=cortex-m4 -std=gnu11 -g3 -DSTM32 -DSTM32F4 -DSTM32F446RETx -DNUCLEO_F446RE -DDEBUG -DSTM32F446xx -DUSE_STDPERIPH_DRIVER -c -I../Inc -I"C:/Users/shrey/STM32CubeIDE/MasteringMCU2/Source_codes/STM32CubeIDE/MasteringMCU2/Current_Measurement_Run_Mode/StdPeriph_Driver/inc" -I"C:/Users/shrey/STM32CubeIDE/MasteringMCU2/Source_codes/STM32CubeIDE/MasteringMCU2/Current_Measurement_Run_Mode/CMSIS/core" -I"C:/Users/shrey/STM32CubeIDE/MasteringMCU2/Source_codes/STM32CubeIDE/MasteringMCU2/Current_Measurement_Run_Mode/CMSIS/device" -O0 -ffunction-sections -fdata-sections -Wall -fstack-usage -fcyclomatic-complexity -MMD -MP -MF"Src/system_stm32f4xx.d" -MT"Src/system_stm32f4xx.o" --specs=nano.specs -mfpu=fpv4-sp-d16 -mfloat-abi=hard -mthumb -o "Src/system_stm32f4xx.o"
In file included from ../Src/main.c:40:
../Inc/main.h:47:10: fatal error: stm32f4xx.h: No such file or directory
   47 | #include "stm32f4xx.h"
      |          ^~~~~~~~~~~~~
compilation terminated.
In file included from ../Inc/pwr_modes.h:36,
                 from ../Src/core_portme.c:11:
../Inc/main.h:47:10: fatal error: stm32f4xx.h: No such file or directory
   47 | #include "stm32f4xx.h"
      |          ^~~~~~~~~~~~~
compilation terminated.
In file included from ../Src/stm32f4xx_it.c:31:
../Inc/stm32f4xx_it.h:37:10: fatal error: stm32f4xx.h: No such file or directory
   37 | #include "stm32f4xx.h"
      |          ^~~~~~~~~~~~~
compilation terminated.
make: *** [Src/subdir.mk:49: Src/main.o] Error 1
make: *** Waiting for unfinished jobs....
../Src/pwr_modes.c:33:10: fatal error: stm32f4xx.h: No such file or directory
   33 | #include "stm32f4xx.h"
      |          ^~~~~~~~~~~~~
compilation terminated.
make: *** [Src/subdir.mk:49: Src/core_portme.o] Error 1
../Src/system_stm32f4xx.c:317:10: fatal error: stm32f4xx.h: No such file or directory
  317 | #include "stm32f4xx.h"
      |          ^~~~~~~~~~~~~
compilation terminated.
make: *** [Src/subdir.mk:49: Src/stm32f4xx_it.o] Error 1
make: *** [Src/subdir.mk:49: Src/pwr_modes.o] Error 1
make: *** [Src/subdir.mk:49: Src/system_stm32f4xx.o] Error 1
"make -j12 all" terminated with exit code 2. Build might be incomplete.

19:20:12 Build Failed. 11 errors, 0 warnings. (took 401ms)

